2022-05-24T18:22:03+00:00 CRITICAL Uncaught Error: Call to a member function is_editable_by_current_user() on bool in /var/www/ginkru.dk/public_html/labs/wp-content/plugins/elementor/includes/managers/widgets.php:367
Stack trace:
#0 [internal function]: Elementor\Widgets_Manager->ajax_render_widget(Array, Object(Elementor\Core\Common\Modules\Ajax\Module))
#1 /var/www/ginkru.dk/public_html/labs/wp-content/plugins/elementor/core/common/modules/ajax/module.php(171): call_user_func(Array, Array, Object(Elementor\Core\Common\Modules\Ajax\Module))
#2 /var/www/ginkru.dk/public_html/labs/wp-includes/class-wp-hook.php(307): Elementor\Core\Common\Modules\Ajax\Module->handle_ajax_request('')
#3 /var/www/ginkru.dk/public_html/labs/wp-includes/class-wp-hook.php(331): WP_Hook->apply_filters('', Array)
#4 /var/www/ginkru.dk/public_html/labs/wp-includes/plugin.php(474): WP_Hook->do_action(Array)
#5 /var/www/ginkru.dk/public_html/labs/wp-admin/admin-ajax.php(187): do_action('wp_ajax_element...')
#6 {main}
  thrown in /var/www/ginkru.dk/public_html/labs/wp-content/plugins/elementor/includes/managers/widgets.php on line 367

2022-05-24T21:30:46+00:00 CRITICAL Uncaught Error: Call to a member function is_editable_by_current_user() on bool in /var/www/ginkru.dk/public_html/labs/wp-content/plugins/elementor/includes/managers/widgets.php:367
Stack trace:
#0 [internal function]: Elementor\Widgets_Manager->ajax_render_widget(Array, Object(Elementor\Core\Common\Modules\Ajax\Module))
#1 /var/www/ginkru.dk/public_html/labs/wp-content/plugins/elementor/core/common/modules/ajax/module.php(171): call_user_func(Array, Array, Object(Elementor\Core\Common\Modules\Ajax\Module))
#2 /var/www/ginkru.dk/public_html/labs/wp-includes/class-wp-hook.php(307): Elementor\Core\Common\Modules\Ajax\Module->handle_ajax_request('')
#3 /var/www/ginkru.dk/public_html/labs/wp-includes/class-wp-hook.php(331): WP_Hook->apply_filters('', Array)
#4 /var/www/ginkru.dk/public_html/labs/wp-includes/plugin.php(474): WP_Hook->do_action(Array)
#5 /var/www/ginkru.dk/public_html/labs/wp-admin/admin-ajax.php(187): do_action('wp_ajax_element...')
#6 {main}
  thrown in /var/www/ginkru.dk/public_html/labs/wp-content/plugins/elementor/includes/managers/widgets.php on line 367

