05-05-2022 @ 08:27:49 - 3.1.0 - No subscription webhooks found using API version 3. No updates needed.
05-05-2022 @ 08:27:49 - 3.1.6 upgrade complete from Subscriptions v0 while WooCommerce WC_VERSION 6.4.1 and database version 6.4.1 was active.
05-05-2022 @ 08:27:49 - Environment info:
05-05-2022 @ 08:27:49 -     WordPress Version : 5.9.3
05-05-2022 @ 08:27:49 - Active Plugins:
05-05-2022 @ 08:27:49 -     Complianz | GDPR/CCPA Cookie Consent by Really Simple Plugins – 6.1.5
05-05-2022 @ 08:27:49 -     Easy WP SMTP by wpecommerce, alexanderfoxc – 1.4.7
05-05-2022 @ 08:27:49 -     Elementor Pro by Elementor.com – 3.6.5
05-05-2022 @ 08:27:49 -     Elementor by Elementor.com – 3.6.4
05-05-2022 @ 08:27:49 -     Github Embed by Ademti Software Ltd. – 2.1.0
05-05-2022 @ 08:27:49 -     Elementor Header & Footer Builder by Brainstorm Force, Nikhil Chavan – 1.6.10
05-05-2022 @ 08:27:49 -     Popup Maker by Popup Maker – 1.16.7
05-05-2022 @ 08:27:49 -     Really Simple SSL by Really Simple Plugins – 5.3.1
05-05-2022 @ 08:27:49 -     reSmush.it Image Optimizer by reSmush.it – 0.4.2
05-05-2022 @ 08:27:49 -     Sparkle Demo Importer by sparklewpthemes – 1.2.8
05-05-2022 @ 08:27:49 -     UpdraftPlus - Backup/Restore by UpdraftPlus.Com, DavidAnderson – 1.22.11
05-05-2022 @ 08:27:49 -     W3 Total Cache by BoldGrid – 2.2.1
05-05-2022 @ 08:27:49 -     WooCommerce Payments by Automattic – 4.0.2
05-05-2022 @ 08:27:49 -     WooCommerce by Automattic – 6.4.1
05-05-2022 @ 08:27:49 -     Wordfence Security by Wordfence – 7.5.9
05-05-2022 @ 08:27:49 -     Yoast SEO by Team Yoast – 18.6
05-05-2022 @ 08:27:49 -     WP Maintenance Mode & Coming Soon by Themeisle – 2.4.4
